0 info it worked if it ends with ok
1 verbose cli [ '/usr/bin/node', '/usr/bin/npm', 'install', '-g', 'yarn' ]
2 info using npm@3.5.2
3 info using node@v6.11.4
4 silly loadCurrentTree Starting
5 silly install loadCurrentTree
6 silly install readGlobalPackageData
7 silly fetchPackageMetaData yarn
8 silly fetchNamedPackageData yarn
9 silly mapToRegistry name yarn
10 silly mapToRegistry using default registry
11 silly mapToRegistry registry https://registry.npmjs.org/
12 silly mapToRegistry uri https://registry.npmjs.org/yarn
13 verbose request uri https://registry.npmjs.org/yarn
14 verbose request no auth needed
15 info attempt registry request try #1 at 12:02:33 PM
16 verbose request id b089fb46d8da7e67
17 verbose etag "5a225eba-33987"
18 verbose lastModified Sat, 2 Dec 2017 8:05:14 GMT
19 http request GET https://registry.npmjs.org/yarn
20 http 304 https://registry.npmjs.org/yarn
21 verbose headers { date: 'Fri, 08 Dec 2017 06:32:37 GMT',
21 verbose headers   via: '1.1 varnish',
21 verbose headers   'cache-control': 'max-age=300',
21 verbose headers   etag: '"5a225eba-33987"',
21 verbose headers   age: '3536',
21 verbose headers   connection: 'keep-alive',
21 verbose headers   'x-served-by': 'cache-lhr6347-LHR',
21 verbose headers   'x-cache': 'HIT',
21 verbose headers   'x-cache-hits': '1',
21 verbose headers   'x-timer': 'S1512714757.235073,VS0,VE1',
21 verbose headers   vary: 'Accept-Encoding, Accept' }
22 silly get cb [ 304,
22 silly get   { date: 'Fri, 08 Dec 2017 06:32:37 GMT',
22 silly get     via: '1.1 varnish',
22 silly get     'cache-control': 'max-age=300',
22 silly get     etag: '"5a225eba-33987"',
22 silly get     age: '3536',
22 silly get     connection: 'keep-alive',
22 silly get     'x-served-by': 'cache-lhr6347-LHR',
22 silly get     'x-cache': 'HIT',
22 silly get     'x-cache-hits': '1',
22 silly get     'x-timer': 'S1512714757.235073,VS0,VE1',
22 silly get     vary: 'Accept-Encoding, Accept' } ]
23 verbose etag https://registry.npmjs.org/yarn from cache
24 verbose get saving yarn to /home/MKCLINDIA/priyankam/.npm/registry.npmjs.org/yarn/.cache.json
25 silly install normalizeTree
26 silly loadCurrentTree Finishing
27 silly loadIdealTree Starting
28 silly install loadIdealTree
29 silly cloneCurrentTree Starting
30 silly install cloneCurrentTreeToIdealTree
31 silly cloneCurrentTree Finishing
32 silly loadShrinkwrap Starting
33 silly install loadShrinkwrap
34 silly loadShrinkwrap Finishing
35 silly loadAllDepsIntoIdealTree Starting
36 silly install loadAllDepsIntoIdealTree
37 silly resolveWithNewModule yarn@1.3.2 checking installable status
38 silly cache add args [ 'yarn', null ]
39 verbose cache add spec yarn
40 silly cache add parsed spec Result {
40 silly cache add   raw: 'yarn',
40 silly cache add   scope: null,
40 silly cache add   name: 'yarn',
40 silly cache add   rawSpec: '',
40 silly cache add   spec: 'latest',
40 silly cache add   type: 'tag' }
41 silly addNamed yarn@latest
42 verbose addNamed "latest" is being treated as a dist-tag for yarn
43 info addNameTag [ 'yarn', 'latest' ]
44 silly mapToRegistry name yarn
45 silly mapToRegistry using default registry
46 silly mapToRegistry registry https://registry.npmjs.org/
47 silly mapToRegistry uri https://registry.npmjs.org/yarn
48 verbose addNameTag registry:https://registry.npmjs.org/yarn not in flight; fetching
49 verbose get https://registry.npmjs.org/yarn not expired, no request
50 silly addNameTag next cb for yarn with tag latest
51 silly addNamed yarn@1.3.2
52 verbose addNamed "1.3.2" is a plain semver version for yarn
53 warn deprecated yarn@1.3.2: It is recommended to install Yarn using the native installation method for your environment. See https://yarnpkg.com/en/docs/install
54 silly cache afterAdd yarn@1.3.2
55 verbose afterAdd /home/MKCLINDIA/priyankam/.npm/yarn/1.3.2/package/package.json not in flight; writing
56 verbose afterAdd /home/MKCLINDIA/priyankam/.npm/yarn/1.3.2/package/package.json written
57 silly loadAllDepsIntoIdealTree Finishing
58 silly idealTree:prePrune lib
58 silly idealTree:prePrune └── yarn@1.3.2
59 silly loadIdealTree Finishing
60 silly currentTree lib
61 silly idealTree lib
61 silly idealTree └── yarn@1.3.2
62 silly generateActionsToTake Starting
63 silly install generateActionsToTake
64 warn checkPermissions Missing write access to /usr/local/lib
65 silly rollbackFailedOptional Starting
66 silly rollbackFailedOptional Finishing
67 silly runTopLevelLifecycles Starting
68 silly runTopLevelLifecycles Finishing
69 silly install printInstalled
70 verbose stack Error: EACCES: permission denied, access '/usr/local/lib'
70 verbose stack     at Error (native)
71 verbose cwd /home/MKCLINDIA/priyankam/Workspace/go/src/LoginProject
72 error Linux 4.13.0-16-generic
73 error argv "/usr/bin/node" "/usr/bin/npm" "install" "-g" "yarn"
74 error node v6.11.4
75 error npm  v3.5.2
76 error path /usr/local/lib
77 error code EACCES
78 error errno -13
79 error syscall access
80 error Error: EACCES: permission denied, access '/usr/local/lib'
80 error     at Error (native)
80 error  { Error: EACCES: permission denied, access '/usr/local/lib'
80 error     at Error (native)
80 error   errno: -13,
80 error   code: 'EACCES',
80 error   syscall: 'access',
80 error   path: '/usr/local/lib' }
81 error Please try running this command again as root/Administrator.
82 verbose exit [ -13, true ]
